nohup: ввод игнорируется
WARNING:aiogram.dispatcher:Received SIGTERM signal
[OK] Партнерский роутер зарегистрирован
[MAIN.PY] Importing catalog module...
[MAIN.PY] Catalog module imported successfully
[OK] Основная таблица настроена
[OK] Ссылки на таблицы загружены из конфига
[SYNC] Загрузка изменений из Google Sheets...
[OK] Загружено изменений для заявок
[SYNC] Добавлен/обновлён user_id: 7254584539, username: "еуые
[SYNC] Добавлен/обновлён user_id: 1466669019, username: 
[SYNC] Добавлен/обновлён user_id: 963619015, username: 
[SYNC] Добавлен/обновлён user_id: 1303901996, username: 
[SYNC] Добавлен/обновлён user_id: 5637785854, username: 
[SYNC] Добавлен/обновлён user_id: 1440533240, username: 
[SYNC] Добавлен/обновлён user_id: 1262543088, username: 
[SYNC] Добавлен/обновлён user_id: 769582971, username: 
[SYNC] Добавлен/обновлён user_id: 1138646732, username: @8888
[EXPORT] Выгрузка данных из базы в Google Sheets...
[DB] Данные в базе: товаров=0, услуг=0, заказов=0
Начинаем выгрузку данных автомагазина...
DEBUG: Найдено 0 товаров в базе
DEBUG: Записано 0 строк в Google Sheets
Синхронизировано 0 товаров в Google Sheets
DEBUG: Найдено 0 услуг в базе
Синхронизировано 0 заказов в Google Sheets
Синхронизировано 0 услуг в Google Sheets
Выгрузка завершена: 3/3 таблиц обновлено
Начинаем выгрузку партнерских данных...
Синхронизировано 47 инвесторов
Синхронизировано 0 партнеров по автоуслугам
Синхронизировано 47 партнеров по автотехнике
Выгрузка партнерских данных завершена: 3/3 операций выполнено
[OK] Выгрузка завершена
Запущена синхронизация административных таблиц
Попытка подключения к Telegram API (1/5)...
[SYNC] Добавлен/обновлён user_id: 7254584539, username: "еуые
[SYNC] Добавлен/обновлён user_id: 1466669019, username: 
[SYNC] Добавлен/обновлён user_id: 963619015, username: 
[SYNC] Добавлен/обновлён user_id: 1303901996, username: 
[SYNC] Добавлен/обновлён user_id: 5637785854, username: 
[SYNC] Добавлен/обновлён user_id: 1440533240, username: 
[SYNC] Добавлен/обновлён user_id: 1262543088, username: 
[SYNC] Добавлен/обновлён user_id: 769582971, username: 
[SYNC] Добавлен/обновлён user_id: 1138646732, username: @8888
